[main 0267396] Auto-update: 2026-04-02 20:00:01
 1 file changed, 0 insertions(+), 0 deletions(-)
 create mode 100644 git-push.log
To https://github.com/ocbot2424/serendip-go-travel.git
   12bc5c7..0267396  main -> main
Successfully pushed to GitHub at 2026-04-02 20:00:01
[main 6a7224d] Auto-update: 2026-04-02 21:00:01
 1 file changed, 6 insertions(+)
To https://github.com/ocbot2424/serendip-go-travel.git
   0267396..6a7224d  main -> main
Successfully pushed to GitHub at 2026-04-02 21:00:01
[main e9f6ff0] Auto-update: 2026-04-02 22:00:01
 1 file changed, 5 insertions(+)
To https://github.com/ocbot2424/serendip-go-travel.git
   6a7224d..e9f6ff0  main -> main
Successfully pushed to GitHub at 2026-04-02 22:00:01
[main ffae1a0] Auto-update: 2026-04-02 23:00:02
 1 file changed, 5 insertions(+)
To https://github.com/ocbot2424/serendip-go-travel.git
   e9f6ff0..ffae1a0  main -> main
Successfully pushed to GitHub at 2026-04-02 23:00:02
[main f11268a] Auto-update: 2026-04-03 00:00:07
 1 file changed, 5 insertions(+)
To https://github.com/ocbot2424/serendip-go-travel.git
   ffae1a0..f11268a  main -> main
Successfully pushed to GitHub at 2026-04-03 00:00:07
[main 949907b] Auto-update: 2026-04-03 01:00:03
 1 file changed, 5 insertions(+)
To https://github.com/ocbot2424/serendip-go-travel.git
   f11268a..949907b  main -> main
Successfully pushed to GitHub at 2026-04-03 01:00:03
[main c69b659] Auto-update: 2026-04-03 02:00:01
 1 file changed, 5 insertions(+)
To https://github.com/ocbot2424/serendip-go-travel.git
   949907b..c69b659  main -> main
Successfully pushed to GitHub at 2026-04-03 02:00:01
No changes to commit
[main f0dd65b] Auto-update: 2026-04-03 04:00:02
 1 file changed, 1 insertion(+)
To https://github.com/ocbot2424/serendip-go-travel.git
   37e5c2e..f0dd65b  main -> main
Successfully pushed to GitHub at 2026-04-03 04:00:02
No changes to commit
[main 4606fca] Auto-update: 2026-04-03 06:00:01
 1 file changed, 1 insertion(+)
To https://github.com/ocbot2424/serendip-go-travel.git
   659e6e7..4606fca  main -> main
Successfully pushed to GitHub at 2026-04-03 06:00:01
[main 1a7c6ab] Auto-update: 2026-04-03 07:00:01
 1 file changed, 5 insertions(+)
To https://github.com/ocbot2424/serendip-go-travel.git
   4606fca..1a7c6ab  main -> main
Successfully pushed to GitHub at 2026-04-03 07:00:01
[main 6882d04] Auto-update: 2026-04-03 08:00:03
 1 file changed, 5 insertions(+)
To https://github.com/ocbot2424/serendip-go-travel.git
   1a7c6ab..6882d04  main -> main
Successfully pushed to GitHub at 2026-04-03 08:00:03
[main 7c6800e] Auto-update: 2026-04-03 09:00:01
 1 file changed, 5 insertions(+)
To https://github.com/ocbot2424/serendip-go-travel.git
   6882d04..7c6800e  main -> main
Successfully pushed to GitHub at 2026-04-03 09:00:01
No changes to commit
[main 2b204bb] Auto-update: 2026-04-03 11:00:01
 1 file changed, 1 insertion(+)
To https://github.com/ocbot2424/serendip-go-travel.git
   69af04b..2b204bb  main -> main
Successfully pushed to GitHub at 2026-04-03 11:00:01
[main 2d919c5] Auto-update: 2026-04-03 12:00:02
 1 file changed, 5 insertions(+)
To https://github.com/ocbot2424/serendip-go-travel.git
   2b204bb..2d919c5  main -> main
Successfully pushed to GitHub at 2026-04-03 12:00:02
[main 44b0d89] Auto-update: 2026-04-03 13:00:01
 1 file changed, 5 insertions(+)
To https://github.com/ocbot2424/serendip-go-travel.git
   2d919c5..44b0d89  main -> main
Successfully pushed to GitHub at 2026-04-03 13:00:01
[main 5319428] Auto-update: 2026-04-03 14:00:01
 1 file changed, 5 insertions(+)
To https://github.com/ocbot2424/serendip-go-travel.git
   44b0d89..5319428  main -> main
Successfully pushed to GitHub at 2026-04-03 14:00:01
[main d74e044] Auto-update: 2026-04-03 19:00:03
 1 file changed, 5 insertions(+)
To https://github.com/ocbot2424/serendip-go-travel.git
   5319428..d74e044  main -> main
Successfully pushed to GitHub at 2026-04-03 19:00:03
